<!--
FILE: universal_header_verification_20250819_062709.log
WORKING_DIRECTORY: Logs
PURPOSE: System monitoring and debugging for legendary reliability
CREATOR: Amos Wales - Progressive Framework Pioneer
UPDATED: 20250819_Phase5-Legendary-Status
STATUS: LEGENDARY - Universal Header System Compliant
BREATHING_FRAMEWORK: 15 Systems | 615+ Tests | Complete Integration
PROGRESSIVE_ACADEMY: Foundation | Professional | Universal | Legendary Ecosystem
PHASE_5_ACHIEVEMENT: 50%+ Compliance | Legendary Status | Complete Standardization
-->

2025-08-19 06:27:09,668 - INFO - [CYCLE] Universal File Header Verification System initialized
2025-08-19 06:27:09,668 - INFO - [ROCKET] Starting universal file header verification...
2025-08-19 06:27:09,671 - INFO - [CHECK] Created template: markdown_header_template.txt
2025-08-19 06:27:09,674 - INFO - [CHECK] Created template: python_header_template.txt
2025-08-19 06:27:09,674 - ERROR - [CROSS] Error formatting template: unmatched '{' in format spec
2025-08-19 06:27:09,677 - INFO - [CHECK] Created template: json_header_template.txt
2025-08-19 06:27:09,680 - INFO - [CHECK] Created template: xml_header_template.txt
2025-08-19 06:27:09,682 - INFO - [CHECK] Created template: yaml_header_template.txt
2025-08-19 06:27:09,685 - INFO - [CHECK] Created template: text_header_template.txt
2025-08-19 06:27:09,688 - INFO - [CHECK] Created template: configuration_header_template.txt
2025-08-19 06:27:09,702 - INFO - [CHECK] Created template: batch_header_template.txt
2025-08-19 06:27:09,707 - INFO - [CHECK] Created template: shell_header_template.txt
2025-08-19 06:27:09,714 - INFO - [CHECK] Created template: powershell_header_template.txt
2025-08-19 06:27:09,720 - INFO - [CHECK] Header templates directory created: C:\Users\Wales\OneDrive\Desktop\PROGRESSIVE_FRAMEWORK-Set-2\B2 Optimised 16_08_2025\Header_Templates
2025-08-19 06:27:09,721 - INFO - [CHECK] Header templates directory created
2025-08-19 06:27:10,016 - INFO - [CHART] Directory verification complete: 2/284 files compliant (0.7%)
2025-08-19 06:27:10,020 - INFO - [CHART] Verification report saved: C:\Users\Wales\OneDrive\Desktop\PROGRESSIVE_FRAMEWORK-Set-2\B2 Optimised 16_08_2025\universal_header_verification_report_20250819_062710.md
2025-08-19 06:27:10,021 - INFO - [PARTY] UNIVERSAL HEADER VERIFICATION SUCCESS!
